<?xml version="1.0" encoding="UTF-8"?>
<!-- Generated by org.testng.reporters.JUnitReportReporter -->
<testsuite hostname="Ayanava" failures="0" tests="2" name="Trezy_Generic.Trezy_updated" time="1.311" errors="1" timestamp="2025-09-10T23:02:14 IST" skipped="1">
  <testcase classname="Trezy_Generic.Trezy_updated" name="OpenApp" time="1.311">
    <error message="session not created: This version of ChromeDriver only supports Chrome version 135
Current browser version is 140.0.7339.80 with binary path C:\Program Files\Google\Chrome\Application\chrome.exe
Build info: version: &#039;3.141.59&#039;, revision: &#039;e82be7d358&#039;, time: &#039;2018-11-14T08:25:53&#039;
System info: host: &#039;AYANAVA&#039;, ip: &#039;192.168.29.191&#039;, os.name: &#039;Windows 11&#039;, os.arch: &#039;amd64&#039;, os.version: &#039;10.0&#039;, java.version: &#039;22.0.2&#039;
Driver info: driver.version: ChromeDriver
remote stacktrace: 	GetHandleVerifier [0x00007FF7C4335335+78597]
	GetHandleVerifier [0x00007FF7C4335390+78688]
	(No symbol) [0x00007FF7C40E91AA]
	(No symbol) [0x00007FF7C412D1CF]
	(No symbol) [0x00007FF7C412C21B]
	(No symbol) [0x00007FF7C41265A8]
	(No symbol) [0x00007FF7C4121A5D]
	(No symbol) [0x00007FF7C41751E5]
	(No symbol) [0x00007FF7C41747A0]
	(No symbol) [0x00007FF7C4166EC3]
	(No symbol) [0x00007FF7C41303F8]
	(No symbol) [0x00007FF7C4131163]
	GetHandleVerifier [0x00007FF7C45DEEED+2870973]
	GetHandleVerifier [0x00007FF7C45D9698+2848360]
	GetHandleVerifier [0x00007FF7C45F6973+2967875]
	GetHandleVerifier [0x00007FF7C435017A+188746]
	GetHandleVerifier [0x00007FF7C435845F+222255]
	GetHandleVerifier [0x00007FF7C433D2B4+111236]
	GetHandleVerifier [0x00007FF7C433D462+111666]
	GetHandleVerifier [0x00007FF7C4323589+5465]
	BaseThreadInitThunk [0x00007FFDEB06E8D7+23]
	RtlUserThreadStart [0x00007FFDEC0A8D9C+44]
" type="org.openqa.selenium.SessionNotCreatedException">
      <![CDATA[org.openqa.selenium.SessionNotCreatedException: session not created: This version of ChromeDriver only supports Chrome version 135
Current browser version is 140.0.7339.80 with binary path C:\Program Files\Google\Chrome\Application\chrome.exe
Build info: version: '3.141.59', revision: 'e82be7d358', time: '2018-11-14T08:25:53'
System info: host: 'AYANAVA', ip: '192.168.29.191', os.name: 'Windows 11', os.arch: 'amd64', os.version: '10.0', java.version: '22.0.2'
Driver info: driver.version: ChromeDriver
remote stacktrace: GetHandleVerifier [0x00007FF7C4335335+78597]
GetHandleVerifier [0x00007FF7C4335390+78688]
(No symbol) [0x00007FF7C40E91AA]
(No symbol) [0x00007FF7C412D1CF]
(No symbol) [0x00007FF7C412C21B]
(No symbol) [0x00007FF7C41265A8]
(No symbol) [0x00007FF7C4121A5D]
(No symbol) [0x00007FF7C41751E5]
(No symbol) [0x00007FF7C41747A0]
(No symbol) [0x00007FF7C4166EC3]
(No symbol) [0x00007FF7C41303F8]
(No symbol) [0x00007FF7C4131163]
GetHandleVerifier [0x00007FF7C45DEEED+2870973]
GetHandleVerifier [0x00007FF7C45D9698+2848360]
GetHandleVerifier [0x00007FF7C45F6973+2967875]
GetHandleVerifier [0x00007FF7C435017A+188746]
GetHandleVerifier [0x00007FF7C435845F+222255]
GetHandleVerifier [0x00007FF7C433D2B4+111236]
GetHandleVerifier [0x00007FF7C433D462+111666]
GetHandleVerifier [0x00007FF7C4323589+5465]
BaseThreadInitThunk [0x00007FFDEB06E8D7+23]
RtlUserThreadStart [0x00007FFDEC0A8D9C+44]

at java.base/jdk.internal.reflect.DirectConstructorHandleAccessor.newInstance(DirectConstructorHandleAccessor.java:62)
at java.base/java.lang.reflect.Constructor.newInstanceWithCaller(Constructor.java:502)
at java.base/java.lang.reflect.Constructor.newInstance(Constructor.java:486)
at org.openqa.selenium.remote.W3CHandshakeResponse.lambda$errorHandler$0(W3CHandshakeResponse.java:62)
at org.openqa.selenium.remote.HandshakeResponse.lambda$getResponseFunction$0(HandshakeResponse.java:30)
at org.openqa.selenium.remote.ProtocolHandshake.lambda$createSession$0(ProtocolHandshake.java:126)
at java.base/java.util.stream.ReferencePipeline$3$1.accept(ReferencePipeline.java:212)
at java.base/java.util.Spliterators$ArraySpliterator.tryAdvance(Spliterators.java:1034)
at java.base/java.util.stream.ReferencePipeline.forEachWithCancel(ReferencePipeline.java:144)
at java.base/java.util.stream.AbstractPipeline.copyIntoWithCancel(AbstractPipeline.java:574)
at java.base/java.util.stream.AbstractPipeline.copyInto(AbstractPipeline.java:560)
at java.base/java.util.stream.AbstractPipeline.wrapAndCopyInto(AbstractPipeline.java:546)
at java.base/java.util.stream.FindOps$FindOp.evaluateSequential(FindOps.java:150)
at java.base/java.util.stream.AbstractPipeline.evaluate(AbstractPipeline.java:265)
at java.base/java.util.stream.ReferencePipeline.findFirst(ReferencePipeline.java:662)
at org.openqa.selenium.remote.ProtocolHandshake.createSession(ProtocolHandshake.java:128)
at org.openqa.selenium.remote.ProtocolHandshake.createSession(ProtocolHandshake.java:74)
at org.openqa.selenium.remote.HttpCommandExecutor.execute(HttpCommandExecutor.java:136)
at org.openqa.selenium.remote.service.DriverCommandExecutor.execute(DriverCommandExecutor.java:83)
at org.openqa.selenium.remote.RemoteWebDriver.execute(RemoteWebDriver.java:552)
at org.openqa.selenium.remote.RemoteWebDriver.startSession(RemoteWebDriver.java:213)
at org.openqa.selenium.remote.RemoteWebDriver.<init>(RemoteWebDriver.java:131)
at org.openqa.selenium.chrome.ChromeDriver.<init>(ChromeDriver.java:181)
at org.openqa.selenium.chrome.ChromeDriver.<init>(ChromeDriver.java:168)
at org.openqa.selenium.chrome.ChromeDriver.<init>(ChromeDriver.java:123)
at Trezy_Generic.Base_class.OpenApp(Base_class.java:19)
at java.base/jdk.internal.reflect.DirectMethodHandleAccessor.invoke(DirectMethodHandleAccessor.java:103)
at java.base/java.lang.reflect.Method.invoke(Method.java:580)
at org.testng.internal.MethodInvocationHelper.invokeMethod(MethodInvocationHelper.java:133)
at org.testng.internal.MethodInvocationHelper.invokeMethodConsideringTimeout(MethodInvocationHelper.java:62)
at org.testng.internal.ConfigInvoker.invokeConfigurationMethod(ConfigInvoker.java:385)
at org.testng.internal.ConfigInvoker.invokeConfigurations(ConfigInvoker.java:321)
at org.testng.internal.TestInvoker.runConfigMethods(TestInvoker.java:700)
at org.testng.internal.TestInvoker.invokeMethod(TestInvoker.java:527)
at org.testng.internal.TestInvoker.invokeTestMethod(TestInvoker.java:173)
at org.testng.internal.MethodRunner.runInSequence(MethodRunner.java:46)
at org.testng.internal.TestInvoker$MethodInvocationAgent.invoke(TestInvoker.java:824)
at org.testng.internal.TestInvoker.invokeTestMethods(TestInvoker.java:146)
at org.testng.internal.TestMethodWorker.invokeTestMethods(TestMethodWorker.java:146)
at org.testng.internal.TestMethodWorker.run(TestMethodWorker.java:128)
at java.base/java.util.ArrayList.forEach(ArrayList.java:1597)
at org.testng.TestRunner.privateRun(TestRunner.java:794)
at org.testng.TestRunner.run(TestRunner.java:596)
at org.testng.SuiteRunner.runTest(SuiteRunner.java:377)
at org.testng.SuiteRunner.runSequentially(SuiteRunner.java:371)
at org.testng.SuiteRunner.privateRun(SuiteRunner.java:332)
at org.testng.SuiteRunner.run(SuiteRunner.java:276)
at org.testng.SuiteRunnerWorker.runSuite(SuiteRunnerWorker.java:53)
at org.testng.SuiteRunnerWorker.run(SuiteRunnerWorker.java:96)
at org.testng.TestNG.runSuitesSequentially(TestNG.java:1212)
at org.testng.TestNG.runSuitesLocally(TestNG.java:1134)
at org.testng.TestNG.runSuites(TestNG.java:1063)
at org.testng.TestNG.run(TestNG.java:1031)
at org.testng.remote.AbstractRemoteTestNG.run(AbstractRemoteTestNG.java:115)
at org.testng.remote.RemoteTestNG.initAndRun(RemoteTestNG.java:293)
at org.testng.remote.RemoteTestNG.main(RemoteTestNG.java:91)
]]>
    </error>
  </testcase> <!-- OpenApp -->
  <system-out/>
  <testcase classname="Trezy_Generic.Trezy_updated" name="test1" time="0.000">
    <skipped/>
  </testcase> <!-- test1 -->
  <system-out/>
</testsuite> <!-- Trezy_Generic.Trezy_updated -->
