<?xml version="1.0" encoding="UTF-8"?>
<!-- Generated by org.testng.reporters.JUnitXMLReporter -->
<testsuite ignored="0" hostname="Ayanava" failures="1" tests="1" name="Default test" time="1.998" errors="0" timestamp="2025-01-14T22:05:32 IST">
  <testcase classname="Trezy.Trezy_TimeDropdown_handled" name="meethod1" time="1.946">
    <failure type="org.openqa.selenium.SessionNotCreatedException" message="session not created: This version of ChromeDriver only supports Chrome version 128
Current browser version is 131.0.6778.265 with binary path C:\Program Files\Google\Chrome\Application\chrome.exe
Build info: version: &amp;apos;3.141.59&amp;apos;, revision: &amp;apos;e82be7d358&amp;apos;, time: &amp;apos;2018-11-14T08:25:53&amp;apos;
System info: host: &amp;apos;AYANAVA&amp;apos;, ip: &amp;apos;192.168.29.191&amp;apos;, os.name: &amp;apos;Windows 11&amp;apos;, os.arch: &amp;apos;amd64&amp;apos;, os.version: &amp;apos;10.0&amp;apos;, java.version: &amp;apos;22.0.2&amp;apos;
Driver info: driver.version: ChromeDriver
remote stacktrace: 	GetHandleVerifier [0x00007FF7E7B1B5D2+29090]
	(No symbol) [0x00007FF7E7A8E689]
	(No symbol) [0x00007FF7E794B1CA]
	(No symbol) [0x00007FF7E798D6B2]
	(No symbol) [0x00007FF7E798C751]
	(No symbol) [0x00007FF7E798729C]
	(No symbol) [0x00007FF7E7981E0A]
	(No symbol) [0x00007FF7E79D236D]
	(No symbol) [0x00007FF7E79D1A20]
	(No symbol) [0x00007FF7E79C6493]
	(No symbol) [0x00007FF7E79909B1]
	(No symbol) [0x00007FF7E7991B11]
	GetHandleVerifier [0x00007FF7E7E38C5D+3295277]
	GetHandleVerifier [0x00007FF7E7E84843+3605523]
	GetHandleVerifier [0x00007FF7E7E7A707+3564247]
	GetHandleVerifier [0x00007FF7E7BD6EB6+797318]
	(No symbol) [0x00007FF7E7A9980F]
	(No symbol) [0x00007FF7E7A953F4]
	(No symbol) [0x00007FF7E7A95580]
	(No symbol) [0x00007FF7E7A84A1F]
	BaseThreadInitThunk [0x00007FFE9759E8D7+23]
	RtlUserThreadStart [0x00007FFE9879FBCC+44]
">
      <![CDATA[org.openqa.selenium.SessionNotCreatedException: session not created: This version of ChromeDriver only supports Chrome version 128
Current browser version is 131.0.6778.265 with binary path C:\Program Files\Google\Chrome\Application\chrome.exe
Build info: version: '3.141.59', revision: 'e82be7d358', time: '2018-11-14T08:25:53'
System info: host: 'AYANAVA', ip: '192.168.29.191', os.name: 'Windows 11', os.arch: 'amd64', os.version: '10.0', java.version: '22.0.2'
Driver info: driver.version: ChromeDriver
remote stacktrace: GetHandleVerifier [0x00007FF7E7B1B5D2+29090]
(No symbol) [0x00007FF7E7A8E689]
(No symbol) [0x00007FF7E794B1CA]
(No symbol) [0x00007FF7E798D6B2]
(No symbol) [0x00007FF7E798C751]
(No symbol) [0x00007FF7E798729C]
(No symbol) [0x00007FF7E7981E0A]
(No symbol) [0x00007FF7E79D236D]
(No symbol) [0x00007FF7E79D1A20]
(No symbol) [0x00007FF7E79C6493]
(No symbol) [0x00007FF7E79909B1]
(No symbol) [0x00007FF7E7991B11]
GetHandleVerifier [0x00007FF7E7E38C5D+3295277]
GetHandleVerifier [0x00007FF7E7E84843+3605523]
GetHandleVerifier [0x00007FF7E7E7A707+3564247]
GetHandleVerifier [0x00007FF7E7BD6EB6+797318]
(No symbol) [0x00007FF7E7A9980F]
(No symbol) [0x00007FF7E7A953F4]
(No symbol) [0x00007FF7E7A95580]
(No symbol) [0x00007FF7E7A84A1F]
BaseThreadInitThunk [0x00007FFE9759E8D7+23]
RtlUserThreadStart [0x00007FFE9879FBCC+44]

at java.base/jdk.internal.reflect.DirectConstructorHandleAccessor.newInstance(DirectConstructorHandleAccessor.java:62)
at java.base/java.lang.reflect.Constructor.newInstanceWithCaller(Constructor.java:502)
at java.base/java.lang.reflect.Constructor.newInstance(Constructor.java:486)
at org.openqa.selenium.remote.W3CHandshakeResponse.lambda$errorHandler$0(W3CHandshakeResponse.java:62)
at org.openqa.selenium.remote.HandshakeResponse.lambda$getResponseFunction$0(HandshakeResponse.java:30)
at org.openqa.selenium.remote.ProtocolHandshake.lambda$createSession$0(ProtocolHandshake.java:126)
at java.base/java.util.stream.ReferencePipeline$3$1.accept(ReferencePipeline.java:212)
at java.base/java.util.Spliterators$ArraySpliterator.tryAdvance(Spliterators.java:1034)
at java.base/java.util.stream.ReferencePipeline.forEachWithCancel(ReferencePipeline.java:144)
at java.base/java.util.stream.AbstractPipeline.copyIntoWithCancel(AbstractPipeline.java:574)
at java.base/java.util.stream.AbstractPipeline.copyInto(AbstractPipeline.java:560)
at java.base/java.util.stream.AbstractPipeline.wrapAndCopyInto(AbstractPipeline.java:546)
at java.base/java.util.stream.FindOps$FindOp.evaluateSequential(FindOps.java:150)
at java.base/java.util.stream.AbstractPipeline.evaluate(AbstractPipeline.java:265)
at java.base/java.util.stream.ReferencePipeline.findFirst(ReferencePipeline.java:662)
at org.openqa.selenium.remote.ProtocolHandshake.createSession(ProtocolHandshake.java:128)
at org.openqa.selenium.remote.ProtocolHandshake.createSession(ProtocolHandshake.java:74)
at org.openqa.selenium.remote.HttpCommandExecutor.execute(HttpCommandExecutor.java:136)
at org.openqa.selenium.remote.service.DriverCommandExecutor.execute(DriverCommandExecutor.java:83)
at org.openqa.selenium.remote.RemoteWebDriver.execute(RemoteWebDriver.java:552)
at org.openqa.selenium.remote.RemoteWebDriver.startSession(RemoteWebDriver.java:213)
at org.openqa.selenium.remote.RemoteWebDriver.<init>(RemoteWebDriver.java:131)
at org.openqa.selenium.chrome.ChromeDriver.<init>(ChromeDriver.java:181)
at org.openqa.selenium.chrome.ChromeDriver.<init>(ChromeDriver.java:168)
at org.openqa.selenium.chrome.ChromeDriver.<init>(ChromeDriver.java:123)
at Trezy.Trezy_TimeDropdown_handled.meethod1(Trezy_TimeDropdown_handled.java:18)
at java.base/jdk.internal.reflect.DirectMethodHandleAccessor.invoke(DirectMethodHandleAccessor.java:103)
at java.base/java.lang.reflect.Method.invoke(Method.java:580)
at org.testng.internal.MethodInvocationHelper.invokeMethod(MethodInvocationHelper.java:133)
at org.testng.internal.TestInvoker.invokeMethod(TestInvoker.java:598)
at org.testng.internal.TestInvoker.invokeTestMethod(TestInvoker.java:173)
at org.testng.internal.MethodRunner.runInSequence(MethodRunner.java:46)
at org.testng.internal.TestInvoker$MethodInvocationAgent.invoke(TestInvoker.java:824)
at org.testng.internal.TestInvoker.invokeTestMethods(TestInvoker.java:146)
at org.testng.internal.TestMethodWorker.invokeTestMethods(TestMethodWorker.java:146)
at org.testng.internal.TestMethodWorker.run(TestMethodWorker.java:128)
at java.base/java.util.ArrayList.forEach(ArrayList.java:1597)
at org.testng.TestRunner.privateRun(TestRunner.java:794)
at org.testng.TestRunner.run(TestRunner.java:596)
at org.testng.SuiteRunner.runTest(SuiteRunner.java:377)
at org.testng.SuiteRunner.runSequentially(SuiteRunner.java:371)
at org.testng.SuiteRunner.privateRun(SuiteRunner.java:332)
at org.testng.SuiteRunner.run(SuiteRunner.java:276)
at org.testng.SuiteRunnerWorker.runSuite(SuiteRunnerWorker.java:53)
at org.testng.SuiteRunnerWorker.run(SuiteRunnerWorker.java:96)
at org.testng.TestNG.runSuitesSequentially(TestNG.java:1212)
at org.testng.TestNG.runSuitesLocally(TestNG.java:1134)
at org.testng.TestNG.runSuites(TestNG.java:1063)
at org.testng.TestNG.run(TestNG.java:1031)
at org.testng.remote.AbstractRemoteTestNG.run(AbstractRemoteTestNG.java:115)
at org.testng.remote.RemoteTestNG.initAndRun(RemoteTestNG.java:293)
at org.testng.remote.RemoteTestNG.main(RemoteTestNG.java:91)
]]>
    </failure>
  </testcase> <!-- meethod1 -->
</testsuite> <!-- Default test -->
